<?xml version="1.0" encoding="UTF-8"?>
<!-- Generated by org.testng.reporters.JUnitReportReporter -->
<testsuite hostname="DESKTOP-U12E15N" name="testRunner.TestRunnerClass" tests="1" failures="0" timestamp="27 Jan 2020 10:51:26 GMT" time="29.885" errors="0">
  <testcase name="curefit" time="29.885" classname="testRunner.TestRunnerClass"/>
</testsuite> <!-- testRunner.TestRunnerClass -->
